#
# A fatal error has been detected by the Java Runtime Environment:
#
#  SIGSEGV (0xb) at pc=0x00007fe3275bc401, pid=2352, tid=2431
#
# JRE version: OpenJDK Runtime Environment (11.0.7+10) (build 11.0.7+10-post-Ubuntu-2ubuntu218.04)
# Java VM: OpenJDK 64-Bit Server VM (11.0.7+10-post-Ubuntu-2ubuntu218.04, mixed mode, sharing, tiered, compressed oops, serial gc, linux-amd64)
# Problematic frame:
# C  [libjimage.so+0x2401]
#
# Core dump will be written. Default location: Core dumps may be processed with "/usr/share/apport/apport %p %s %c %d %P %E" (or dumping to /home/runner/tib-java/core.2352)
#
# If you would like to submit a bug report, please visit:
#   https://bugs.launchpad.net/ubuntu/+source/openjdk-lts
#

---------------  S U M M A R Y ------------

Command Line: Main

Host: Intel(R) Xeon(R) CPU @ 2.30GHz, 4 cores, 953M, Ubuntu 18.04.4 LTS
Time: Mon Jun  8 15:13:13 2020 UTC elapsed time: 33 seconds (0d 0h 0m 33s)

---------------  T H R E A D  ---------------

Current thread (0x00007fe2bc001000):  JavaThread "XToolkt-Shutdown-Thread" [_thread_in_vm, id=2431, stack(0x00007fe2e4a6b000,0x00007fe2e4b6c000)]

Stack: [0x00007fe2e4a6b000,0x00007fe2e4b6c000],  sp=0x00007fe2e4b685f0,  free space=1013k
Native frames: (J=compiled Java code, A=aot compiled Java code, j=interpreted, Vv=VM code, C=native code)
C  [libjimage.so+0x2401]
C  [libjimage.so+0x30ea]
C  [libjimage.so+0x35c6]  JIMAGE_FindResource+0xd6
V  [libjvm.so+0x59105e]
V  [libjvm.so+0x593dc0]
V  [libjvm.so+0xd503b5]
V  [libjvm.so+0xd4dd4a]
V  [libjvm.so+0xd4e385]
V  [libjvm.so+0x588237]
V  [libjvm.so+0x58db1e]
V  [libjvm.so+0x58e1b1]
V  [libjvm.so+0xa052e5]
V  [libjvm.so+0x593e07]
V  [libjvm.so+0xd503b5]
V  [libjvm.so+0xd4dd4a]
V  [libjvm.so+0xd50942]
V  [libjvm.so+0x646dd7]
V  [libjvm.so+0xa3bb7a]
V  [libjvm.so+0x843946]
V  [libjvm.so+0x84483d]
j  sun.awt.X11.XToolkit.lambda$init$0()V+0 java.desktop@11.0.7
j  sun.awt.X11.XToolkit$$Lambda$10.run()V+4 java.desktop@11.0.7
j  java.lang.Thread.run()V+11 java.base@11.0.7
v  ~StubRoutines::call_stub
V  [libjvm.so+0x84e319]
V  [libjvm.so+0x84c45d]
V  [libjvm.so+0x8f62ec]
V  [libjvm.so+0xd8918f]
V  [libjvm.so+0xd85acf]
V  [libjvm.so+0xbd59de]

Java frames: (J=compiled Java code, j=interpreted, Vv=VM code)
j  sun.awt.X11.XToolkit.lambda$init$0()V+0 java.desktop@11.0.7
j  sun.awt.X11.XToolkit$$Lambda$10.run()V+4 java.desktop@11.0.7
j  java.lang.Thread.run()V+11 java.base@11.0.7
v  ~StubRoutines::call_stub

siginfo: si_signo: 11 (SIGSEGV), si_code: 1 (SEGV_MAPERR), si_addr: 0x00007fe31eedc778

Register to memory mapping:

RAX=0x00000000000055d7 is an unknown value
RBX=0x00007fe2e4b686a1 is pointing into the stack for thread: 0x00007fe2bc001000
RCX=0x00007fe31eec701c is an unknown value
RDX=0x00000000000055d7 is an unknown value
RSP=0x00007fe2e4b685f0 is pointing into the stack for thread: 0x00007fe2bc001000
RBP=0x00007fe2e4b68610 is pointing into the stack for thread: 0x00007fe2bc001000
RSI=0x00007fe2e4b686a0 is pointing into the stack for thread: 0x00007fe2bc001000
RDI=0x00007fe3277bf130: <offset 0x0000000000205130> in /usr/lib/jvm/java-11-openjdk-amd64/lib/libjimage.so at 0x00007fe3275ba000
R8 =0x0 is NULL
R9 =0x000000007a0da894 is an unknown value
R10=0x00007fe2e4b686c5 is pointing into the stack for thread: 0x00007fe2bc001000
R11=0x00007fe32e1c33fd: <offset 0x0000000000eb23fd> in /usr/lib/jvm/java-11-openjdk-amd64/lib/server/libjvm.so at 0x00007fe32d311000
R12=0x00007fe2e4b686a0 is pointing into the stack for thread: 0x00007fe2bc001000
R13=0x00000000000083ac is an unknown value
R14=0x00007fe2e4b69738 is pointing into the stack for thread: 0x00007fe2bc001000
R15=0x00007fe2fc19f740 points into unknown readable memory: 6a 61 76 61 2f 61 77 74


Registers:
RAX=0x00000000000055d7, RBX=0x00007fe2e4b686a1, RCX=0x00007fe31eec701c, RDX=0x00000000000055d7
RSP=0x00007fe2e4b685f0, RBP=0x00007fe2e4b68610, RSI=0x00007fe2e4b686a0, RDI=0x00007fe3277bf130
R8 =0x0000000000000000, R9 =0x000000007a0da894, R10=0x00007fe2e4b686c5, R11=0x00007fe32e1c33fd
R12=0x00007fe2e4b686a0, R13=0x00000000000083ac, R14=0x00007fe2e4b69738, R15=0x00007fe2fc19f740
RIP=0x00007fe3275bc401, EFLAGS=0x0000000000010246, CSGSFS=0x002b000000000033, ERR=0x0000000000000004
  TRAPNO=0x000000000000000e

Top of Stack: (sp=0x00007fe2e4b685f0)
0x00007fe2e4b685f0:   0000000000000000 00007fe3280226f0
0x00007fe2e4b68600:   0000000000000000 00007fe2e4b686a0
0x00007fe2e4b68610:   00007fe2e4b68680 00007fe3275bd0ea
0x00007fe2e4b68620:   0000000000000000 0000000000000000 

Instructions: (pc=0x00007fe3275bc401)
0x00007fe3275bc301:   c5 4c 01 e3 48 89 ce e8 d3 f3 ff ff e9 69 fd ff
0x00007fe3275bc311:   ff 89 d1 0f b7 74 08 fe 66 41 89 74 0e fe e9 7a
0x00007fe3275bc321:   fe ff ff 0f 1f 40 00 8b 08 49 8d 1c 16 41 89 0e
0x00007fe3275bc331:   89 d1 8b 74 08 fc 41 89 74 0e fc 48 8d 34 10 48
0x00007fe3275bc341:   89 75 b8 e9 0b fe ff ff 0f 1f 80 00 00 00 00 0f
0x00007fe3275bc351:   b6 17 55 89 f0 48 89 e5 84 d2 74 22 48 8d 4f 01
0x00007fe3275bc361:   0f 1f 80 00 00 00 00 48 83 c1 01 0f b6 f2 0f b6
0x00007fe3275bc371:   51 ff 69 c0 93 01 00 01 31 f0 84 d2 75 e9 25 ff
0x00007fe3275bc381:   ff ff 7f 5d c3 66 2e 0f 1f 84 00 00 00 00 00 48
0x00007fe3275bc391:   85 d2 0f 84 dd 00 00 00 85 c9 0f 84 d5 00 00 00
0x00007fe3275bc3a1:   55 48 89 e5 41 55 41 54 53 48 8d 5e 01 48 83 ec
0x00007fe3275bc3b1:   08 44 0f b6 06 45 84 c0 0f 84 a9 00 00 00 49 89
0x00007fe3275bc3c1:   da b8 93 01 00 01 66 0f 1f 84 00 00 00 00 00 49
0x00007fe3275bc3d1:   83 c2 01 44 69 c8 93 01 00 01 41 0f b6 c0 45 0f
0x00007fe3275bc3e1:   b6 42 ff 44 31 c8 45 84 c0 75 e4 25 ff ff ff 7f
0x00007fe3275bc3f1:   41 89 cd 48 89 d1 31 d2 41 f7 f5 49 89 f4 89 d0
0x00007fe3275bc401:   8b 34 81 48 8b 07 ff 50 20 83 f8 00 7e 41 41 0f
0x00007fe3275bc411:   b6 14 24 84 d2 74 1c 0f 1f 84 00 00 00 00 00 69
0x00007fe3275bc421:   c0 93 01 00